AndroidProject/MyMusic/app/build/outputs/logs/manifest-merger-debug-report.txt
-- Merging decision tree log ---
manifest
ADDED from src\main\AndroidManifest.xml:2:1-26:12
INJECTED from src\main\AndroidManifest.xml:2:1-26:12
INJECTED from src\main\AndroidManifest.xml:2:1-26:12
INJECTED from src\main\AndroidManifest.xml:2:1-26:12
INJECTED from src\main\AndroidManifest.xml:2:1-26:12
INJECTED from src\main\AndroidManifest.xml:2:1-26:12
INJECTED from src\main\AndroidManifest.xml:2:1-26:12
	package
		ADDED from src\main\AndroidManifest.xml:3:52-89
		INJECTED from src\main\AndroidManifest.xml
		INJECTED from src\main\AndroidManifest.xml
	android:versionName
		ADDED from src\main\AndroidManifest.xml:3:26-51
		INJECTED from src\main\AndroidManifest.xml
		INJECTED from src\main\AndroidManifest.xml
	xmlns:android
		ADDED from src\main\AndroidManifest.xml:2:11-69
	android:versionCode
		ADDED from src\main\AndroidManifest.xml:3:2-25
		INJECTED from src\main\AndroidManifest.xml
		INJECTED from src\main\AndroidManifest.xml
application
ADDED from src\main\AndroidManifest.xml:4:2-21:16
	android:label
		ADDED from src\main\AndroidManifest.xml:5:3-35
	android:icon
		ADDED from src\main\AndroidManifest.xml:4:15-51
activity#com.Android.player.activity.MainPlayActivity
ADDED from src\main\AndroidManifest.xml:6:3-11:14
	android:label
		ADDED from src\main\AndroidManifest.xml:6:46-78
	android:name
		ADDED from src\main\AndroidManifest.xml:6:13-45
intent-filter#action:name:android.intent.action.MAIN+category:name:android.intent.category.LAUNCHER
ADDED from src\main\AndroidManifest.xml:7:4-10:20
action#android.intent.action.MAIN
ADDED from src\main\AndroidManifest.xml:8:5-57
	android:name
		ADDED from src\main\AndroidManifest.xml:8:13-54
category#android.intent.category.LAUNCHER
ADDED from src\main\AndroidManifest.xml:9:5-65
	android:name
		ADDED from src\main\AndroidManifest.xml:9:15-62
activity#com.Android.player.activity.PlayListActivity
ADDED from src\main\AndroidManifest.xml:15:3-47
	android:name
		ADDED from src\main\AndroidManifest.xml:15:13-44
provider#com.Android.player.dao.DBProvider
ADDED from src\main\AndroidManifest.xml:16:3-17:34
	android:authorities
		ADDED from src\main\AndroidManifest.xml:17:4-31
	android:name
		ADDED from src\main\AndroidManifest.xml:16:13-61
activity#com.Android.player.activity.FileExplorerActivity
ADDED from src\main\AndroidManifest.xml:18:3-51
	android:name
		ADDED from src\main\AndroidManifest.xml:18:13-48
activity#com.Android.player.activity.Menu
ADDED from src\main\AndroidManifest.xml:19:3-35
	android:name
		ADDED from src\main\AndroidManifest.xml:19:13-32
activity#com.Android.player.activity.PlaySetting
ADDED from src\main\AndroidManifest.xml:20:3-42
	android:name
		ADDED from src\main\AndroidManifest.xml:20:13-39
uses-permission#android.permission.READ_EXTERNAL_STORAGE
ADDED from src\main\AndroidManifest.xml:24:2-76
	android:name
		ADDED from src\main\AndroidManifest.xml:24:19-74
uses-permission#com.android.browser.permission.READ_HISTORY_BOOKMARKS
ADDED from src\main\AndroidManifest.xml:25:1-105
	android:name
		ADDED from src\main\AndroidManifest.xml:25:18-86
uses-sdk
INJECTED from src\main\AndroidManifest.xml reason: use-sdk injection requested
INJECTED from src\main\AndroidManifest.xml
INJECTED from src\main\AndroidManifest.xml
INJECTED from src\main\AndroidManifest.xml
INJECTED from src\main\AndroidManifest.xml
	android:targetSdkVersion
		INJECTED from src\main\AndroidManifest.xml
		ADDED from src\main\AndroidManifest.xml
		INJECTED from src\main\AndroidManifest.xml
	android:minSdkVersion
		INJECTED from src\main\AndroidManifest.xml
		ADDED from src\main\AndroidManifest.xml
		INJECTED from src\main\AndroidManifest.xml